#! /c/Source/iverilog-install/bin/vvp
:ivl_version "12.0 (devel)" "(s20150603-1539-g2693dd32b)";
:ivl_delay_selection "TYPICAL";
:vpi_time_precision + 0;
:vpi_module "C:\iverilog\lib\ivl\system.vpi";
:vpi_module "C:\iverilog\lib\ivl\vhdl_sys.vpi";
:vpi_module "C:\iverilog\lib\ivl\vhdl_textio.vpi";
:vpi_module "C:\iverilog\lib\ivl\v2005_math.vpi";
:vpi_module "C:\iverilog\lib\ivl\va_math.vpi";
S_0000017978482720 .scope module, "RegisterFile" "RegisterFile" 2 1;
 .timescale 0 0;
    .port_info 0 /INPUT 16 "in_data";
    .port_info 1 /INPUT 6 "rd_reg";
    .port_info 2 /INPUT 1 "reg_write";
    .port_info 3 /INPUT 1 "reset";
    .port_info 4 /INPUT 1 "clock";
    .port_info 5 /OUTPUT 16 "rd_data";
    .port_info 6 /NODIR 0 "unnamed";
P_0000017978469a50 .param/l "n" 0 2 1, +C4<00000000000000000000000000010000>;
L_0000017978482b30 .functor BUFZ 16, L_00000179784fc0b0, C4<0000000000000000>, C4<0000000000000000>, C4<0000000000000000>;
v00000179784828b0_0 .net *"_ivl_0", 15 0, L_00000179784fc0b0;  1 drivers
v0000017978482950_0 .net *"_ivl_2", 7 0, L_00000179784fc150;  1 drivers
L_00000179784fc1f8 .functor BUFT 1, C4<00>, C4<0>, C4<0>, C4<0>;
v00000179784829f0_0 .net *"_ivl_5", 1 0, L_00000179784fc1f8;  1 drivers
o00000179784b7068 .functor BUFZ 1, C4<z>; HiZ drive
v0000017978482a90_0 .net "clock", 0 0, o00000179784b7068;  0 drivers
v00000179784fbc50_0 .var/i "i", 31 0;
o00000179784b70c8 .functor BUFZ 16, C4<zzzzzzzzzzzzzzzz>; HiZ drive
v00000179784fbcf0_0 .net "in_data", 15 0, o00000179784b70c8;  0 drivers
v00000179784fbd90_0 .net "rd_data", 15 0, L_0000017978482b30;  1 drivers
o00000179784b7128 .functor BUFZ 6, C4<zzzzzz>; HiZ drive
v00000179784fbe30_0 .net "rd_reg", 5 0, o00000179784b7128;  0 drivers
o00000179784b7158 .functor BUFZ 1, C4<z>; HiZ drive
v00000179784fbed0_0 .net "reg_write", 0 0, o00000179784b7158;  0 drivers
v00000179784fbf70 .array "register_file", 64 0, 15 0;
o00000179784b7188 .functor BUFZ 1, C4<z>; HiZ drive
v00000179784fc010_0 .net "reset", 0 0, o00000179784b7188;  0 drivers
E_0000017978469f50 .event posedge, v00000179784fc010_0, v0000017978482a90_0;
L_00000179784fc0b0 .array/port v00000179784fbf70, L_00000179784fc150;
L_00000179784fc150 .concat [ 6 2 0 0], o00000179784b7128, L_00000179784fc1f8;
    .scope S_0000017978482720;
T_0 ;
    %wait E_0000017978469f50;
    %load/vec4 v00000179784fc010_0;
    %cmpi/e 1, 0, 1;
    %jmp/0xz  T_0.0, 4;
    %pushi/vec4 0, 0, 32;
    %store/vec4 v00000179784fbc50_0, 0, 32;
T_0.2 ;
    %load/vec4 v00000179784fbc50_0;
    %cmpi/s 64, 0, 32;
    %jmp/0xz T_0.3, 5;
    %pushi/vec4 0, 0, 16;
    %ix/getv/s 3, v00000179784fbc50_0;
    %ix/load 4, 0, 0; Constant delay
    %assign/vec4/a/d v00000179784fbf70, 0, 4;
    %load/vec4 v00000179784fbc50_0;
    %addi 1, 0, 32;
    %store/vec4 v00000179784fbc50_0, 0, 32;
    %jmp T_0.2;
T_0.3 ;
    %jmp T_0.1;
T_0.0 ;
    %load/vec4 v00000179784fbed0_0;
    %flag_set/vec4 8;
    %jmp/0xz  T_0.4, 8;
    %load/vec4 v00000179784fbcf0_0;
    %ix/load 3, 0, 0;
    %flag_set/imm 4, 0;
    %ix/load 4, 0, 0; Constant delay
    %assign/vec4/a/d v00000179784fbf70, 0, 4;
    %pushi/vec4 1, 0, 32;
    %store/vec4 v00000179784fbc50_0, 0, 32;
T_0.6 ;
    %load/vec4 v00000179784fbc50_0;
    %cmpi/s 64, 0, 32;
    %jmp/0xz T_0.7, 5;
    %load/vec4 v00000179784fbc50_0;
    %subi 1, 0, 32;
    %ix/vec4/s 4;
    %load/vec4a v00000179784fbf70, 4;
    %ix/getv/s 3, v00000179784fbc50_0;
    %ix/load 4, 0, 0; Constant delay
    %assign/vec4/a/d v00000179784fbf70, 0, 4;
    %load/vec4 v00000179784fbc50_0;
    %addi 1, 0, 32;
    %store/vec4 v00000179784fbc50_0, 0, 32;
    %jmp T_0.6;
T_0.7 ;
T_0.4 ;
T_0.1 ;
    %jmp T_0;
    .thread T_0;
# The file index is used to find the file name in the following table.
:file_names 3;
    "N/A";
    "<interactive>";
    "RegisterFile.v";
